<?xml version="1.0" encoding="UTF-8"?>
<!-- Generated by org.testng.reporters.JUnitReportReporter -->
<testsuite hostname="PHANIRAJs-MacBook-Pro.local" name="automationConcepts.Verifications" tests="1" failures="0" timestamp="23 Oct 2017 23:15:27 GMT" time="5.742" errors="0">
  <testcase name="ExVerifications" time="5.742" classname="automationConcepts.Verifications"/>
</testsuite> <!-- automationConcepts.Verifications -->
