<?xml version="1.0" encoding="UTF-8"?>
<!-- Generated by org.testng.reporters.JUnitReportReporter -->
<testsuite hostname="PHANIRAJs-MacBook-Pro.local" name="sWDConcepts.HandleDiffObjects" tests="1" failures="0" timestamp="17 Oct 2017 21:58:05 GMT" time="14.048" errors="0">
  <testcase name="handleTableComplexXpath" time="14.048" classname="sWDConcepts.HandleDiffObjects"/>
</testsuite> <!-- sWDConcepts.HandleDiffObjects -->
