<?xml version="1.0" encoding="UTF-8"?>
<!-- Generated by org.testng.reporters.JUnitReportReporter -->
<testsuite hostname="PHANIRAJs-MacBook-Pro.local" name="sWDConcepts.SpecialCases" tests="1" failures="0" timestamp="19 Oct 2017 22:43:42 GMT" time="16.259" errors="0">
  <testcase name="handlingFrames" time="16.259" classname="sWDConcepts.SpecialCases"/>
</testsuite> <!-- sWDConcepts.SpecialCases -->
