<?xml version="1.0" encoding="UTF-8"?>
<!-- Generated by org.testng.reporters.JUnitReportReporter -->
<testsuite hostname="PHANIRAJs-MacBook-Pro.local" name="sWDConcepts.Brosermethods" tests="1" failures="0" timestamp="11 Oct 2017 19:27:34 GMT" time="12.934" errors="0">
  <testcase name="searchItem" time="12.934" classname="sWDConcepts.Brosermethods"/>
</testsuite> <!-- sWDConcepts.Brosermethods -->
