<?xml version="1.0" encoding="UTF-8"?>
<!-- Generated by org.testng.reporters.JUnitReportReporter -->
<testsuite hostname="PHANIRAJs-MacBook-Pro.local" name="sWDConcepts.FirstSWDWithoutRec" tests="1" failures="0" timestamp="11 Oct 2017 20:36:54 GMT" time="5.557" errors="0">
  <testcase name="searchHTMLUnitDriver" time="5.557" classname="sWDConcepts.FirstSWDWithoutRec"/>
</testsuite> <!-- sWDConcepts.FirstSWDWithoutRec -->
